<?xml version="1.0" encoding="utf-8"?><testsuites name="pytest tests"><testsuite name="pytest" errors="0" failures="0" skipped="0" tests="12" time="15.129" timestamp="2026-03-17T20:16:37.999136+00:00" hostname="agent-env-16387934-56f0-4e50-9bfc-45cbd20a35fb"><testcase classname="backend.tests.test_inspections_api.TestHealthCheck" name="test_api_root" time="0.562" /><testcase classname="backend.tests.test_inspections_api.TestInspectionsCRUD" name="test_create_inspection" time="0.887" /><testcase classname="backend.tests.test_inspections_api.TestInspectionsCRUD" name="test_get_all_inspections" time="0.437" /><testcase classname="backend.tests.test_inspections_api.TestInspectionsCRUD" name="test_get_single_inspection" time="1.161" /><testcase classname="backend.tests.test_inspections_api.TestInspectionsCRUD" name="test_get_nonexistent_inspection" time="0.411" /><testcase classname="backend.tests.test_inspections_api.TestInspectionsCRUD" name="test_update_inspection_checklist" time="1.540" /><testcase classname="backend.tests.test_inspections_api.TestInspectionsCRUD" name="test_finalize_inspection" time="1.189" /><testcase classname="backend.tests.test_inspections_api.TestInspectionsCRUD" name="test_update_identification" time="1.579" /><testcase classname="backend.tests.test_inspections_api.TestInspectionsCRUD" name="test_delete_inspection" time="1.157" /><testcase classname="backend.tests.test_inspections_api.TestInspectionValidation" name="test_create_with_all_classification_types" time="3.336" /><testcase classname="backend.tests.test_inspections_api.TestInspectionValidation" name="test_tipo_imovel_options" time="2.321" /><testcase classname="backend.tests.test_inspections_api.TestExistingInspection" name="test_get_existing_inspection" time="0.434" /></testsuite></testsuites>